I, [2016-11-11T12:37:12.012994 #4350]  INFO -- default-terraform: -----> Converging <default-terraform>...
I, [2016-11-11T12:37:12.174257 #4350]  INFO -- default-terraform: Refreshing Terraform state in-memory prior to plan...
I, [2016-11-11T12:37:12.174376 #4350]  INFO -- default-terraform: The refreshed state will be used to calculate this plan, but
I, [2016-11-11T12:37:12.174400 #4350]  INFO -- default-terraform: will not be persisted to local or remote state storage.
I, [2016-11-11T12:37:12.174418 #4350]  INFO -- default-terraform: 
I, [2016-11-11T12:37:12.181305 #4350]  INFO -- default-terraform: [0m[1mdata.docker_registry_image.ubuntu: Refreshing state...[0m
I, [2016-11-11T12:37:14.007709 #4350]  INFO -- default-terraform: 
I, [2016-11-11T12:37:14.022461 #4350]  INFO -- default-terraform: The Terraform execution plan has been generated and is shown below.
I, [2016-11-11T12:37:14.022571 #4350]  INFO -- default-terraform: Resources are shown in alphabetical order for quick scanning. Green resources
I, [2016-11-11T12:37:14.022698 #4350]  INFO -- default-terraform: will be created (or destroyed and then created if an existing resource
I, [2016-11-11T12:37:14.022812 #4350]  INFO -- default-terraform: exists), yellow resources are being changed in-place, and red resources
I, [2016-11-11T12:37:14.022847 #4350]  INFO -- default-terraform: will be destroyed. Cyan entries are data sources to be read.
I, [2016-11-11T12:37:14.022927 #4350]  INFO -- default-terraform: 
I, [2016-11-11T12:37:14.022976 #4350]  INFO -- default-terraform: Your plan was also saved to the path below. Call the "apply" subcommand
I, [2016-11-11T12:37:14.023057 #4350]  INFO -- default-terraform: with this plan file and Terraform will exactly execute this execution
I, [2016-11-11T12:37:14.023083 #4350]  INFO -- default-terraform: plan.
I, [2016-11-11T12:37:14.023099 #4350]  INFO -- default-terraform: 
I, [2016-11-11T12:37:14.023214 #4350]  INFO -- default-terraform: Path: /Users/502688500/Development/terraform-consul/.kitchen/kitchen-terraform/default-terraform/terraform.tfplan
I, [2016-11-11T12:37:14.023243 #4350]  INFO -- default-terraform: 
I, [2016-11-11T12:37:14.023330 #4350]  INFO -- default-terraform: [32m+ docker_container.consul_client_1
I, [2016-11-11T12:37:14.023377 #4350]  INFO -- default-terraform: [0m    bridge:                   "<computed>"
I, [2016-11-11T12:37:14.023439 #4350]  INFO -- default-terraform:     gateway:                  "<computed>"
I, [2016-11-11T12:37:14.023457 #4350]  INFO -- default-terraform:     image:                    "ubuntu:latest"
I, [2016-11-11T12:37:14.023581 #4350]  INFO -- default-terraform:     ip_address:               "<computed>"
I, [2016-11-11T12:37:14.023603 #4350]  INFO -- default-terraform:     ip_prefix_length:         "<computed>"
I, [2016-11-11T12:37:14.023623 #4350]  INFO -- default-terraform:     log_driver:               "json-file"
I, [2016-11-11T12:37:14.023721 #4350]  INFO -- default-terraform:     must_run:                 "true"
I, [2016-11-11T12:37:14.023790 #4350]  INFO -- default-terraform:     name:                     "consul_client_1"
I, [2016-11-11T12:37:14.023844 #4350]  INFO -- default-terraform:     ports.#:                  "1"
I, [2016-11-11T12:37:14.023895 #4350]  INFO -- default-terraform:     ports.265401579.external: "2222"
I, [2016-11-11T12:37:14.023927 #4350]  INFO -- default-terraform:     ports.265401579.internal: "22"
I, [2016-11-11T12:37:14.023948 #4350]  INFO -- default-terraform:     ports.265401579.ip:       ""
I, [2016-11-11T12:37:14.024047 #4350]  INFO -- default-terraform:     ports.265401579.protocol: "tcp"
I, [2016-11-11T12:37:14.024070 #4350]  INFO -- default-terraform:     restart:                  "no"
I, [2016-11-11T12:37:14.024087 #4350]  INFO -- default-terraform: [0m
I, [2016-11-11T12:37:14.024107 #4350]  INFO -- default-terraform: [0m[32m+ docker_image.ubuntu
I, [2016-11-11T12:37:14.024124 #4350]  INFO -- default-terraform: [0m    keep_locally: "true"
I, [2016-11-11T12:37:14.024143 #4350]  INFO -- default-terraform:     latest:       "<computed>"
I, [2016-11-11T12:37:14.024302 #4350]  INFO -- default-terraform:     name:         "ubuntu:latest"
I, [2016-11-11T12:37:14.024322 #4350]  INFO -- default-terraform:     pull_trigger: "sha256:312986132029d622ae65423ca25d3a3cf4510de25c47b05b6819d61e2e2b5420"
I, [2016-11-11T12:37:14.024338 #4350]  INFO -- default-terraform: [0m
I, [2016-11-11T12:37:14.024355 #4350]  INFO -- default-terraform: [0m
I, [2016-11-11T12:37:14.024419 #4350]  INFO -- default-terraform: [0m[1mPlan:[0m 2 to add, 0 to change, 0 to destroy.[0m
I, [2016-11-11T12:37:14.114216 #4350]  INFO -- default-terraform: [0m[1mdocker_image.ubuntu: Creating...[21m
I, [2016-11-11T12:37:14.114344 #4350]  INFO -- default-terraform:   keep_locally: "" => "true"
I, [2016-11-11T12:37:14.114557 #4350]  INFO -- default-terraform:   latest:       "" => "<computed>"
I, [2016-11-11T12:37:14.114577 #4350]  INFO -- default-terraform:   name:         "" => "ubuntu:latest"
I, [2016-11-11T12:37:14.114670 #4350]  INFO -- default-terraform:   pull_trigger: "" => "sha256:312986132029d622ae65423ca25d3a3cf4510de25c47b05b6819d61e2e2b5420"[0m
I, [2016-11-11T12:37:14.114734 #4350]  INFO -- default-terraform: [0m[1mdocker_container.consul_client_1: Creating...[21m
I, [2016-11-11T12:37:14.114797 #4350]  INFO -- default-terraform:   bridge:                   "" => "<computed>"
I, [2016-11-11T12:37:14.114947 #4350]  INFO -- default-terraform:   gateway:                  "" => "<computed>"
I, [2016-11-11T12:37:14.115069 #4350]  INFO -- default-terraform:   image:                    "" => "ubuntu:latest"
I, [2016-11-11T12:37:14.115099 #4350]  INFO -- default-terraform:   ip_address:               "" => "<computed>"
I, [2016-11-11T12:37:14.115178 #4350]  INFO -- default-terraform:   ip_prefix_length:         "" => "<computed>"
I, [2016-11-11T12:37:14.115299 #4350]  INFO -- default-terraform:   log_driver:               "" => "json-file"
I, [2016-11-11T12:37:14.115331 #4350]  INFO -- default-terraform:   must_run:                 "" => "true"
I, [2016-11-11T12:37:14.115416 #4350]  INFO -- default-terraform:   name:                     "" => "consul_client_1"
I, [2016-11-11T12:37:14.115449 #4350]  INFO -- default-terraform:   ports.#:                  "" => "1"
I, [2016-11-11T12:37:14.115536 #4350]  INFO -- default-terraform:   ports.265401579.external: "" => "2222"
I, [2016-11-11T12:37:14.115678 #4350]  INFO -- default-terraform:   ports.265401579.internal: "" => "22"
I, [2016-11-11T12:37:14.115710 #4350]  INFO -- default-terraform:   ports.265401579.ip:       "" => ""
I, [2016-11-11T12:37:14.115776 #4350]  INFO -- default-terraform:   ports.265401579.protocol: "" => "tcp"
I, [2016-11-11T12:37:14.115804 #4350]  INFO -- default-terraform:   restart:                  "" => "no"[0m
I, [2016-11-11T12:37:14.118084 #4350]  INFO -- default-terraform: [0m[1mdocker_image.ubuntu: Creation complete[21m[0m
I, [2016-11-11T12:37:14.915262 #4350]  INFO -- default-terraform: [0m[1mdocker_container.consul_client_1: Creation complete[21m[0m
I, [2016-11-11T12:37:14.925079 #4350]  INFO -- default-terraform: [0m[1m[32m
I, [2016-11-11T12:37:14.925186 #4350]  INFO -- default-terraform: Apply complete! Resources: 2 added, 0 changed, 0 destroyed.[0m
I, [2016-11-11T12:37:14.925257 #4350]  INFO -- default-terraform: [0m
I, [2016-11-11T12:37:14.925301 #4350]  INFO -- default-terraform: The state of your infrastructure has been saved to the path
I, [2016-11-11T12:37:14.925440 #4350]  INFO -- default-terraform: below. This state is required to modify and destroy your
I, [2016-11-11T12:37:14.925484 #4350]  INFO -- default-terraform: infrastructure, so keep it safe. To inspect the complete state
I, [2016-11-11T12:37:14.925513 #4350]  INFO -- default-terraform: use the `terraform show` command.
I, [2016-11-11T12:37:14.925531 #4350]  INFO -- default-terraform: 
I, [2016-11-11T12:37:14.925673 #4350]  INFO -- default-terraform: State path: /Users/502688500/Development/terraform-consul/.kitchen/kitchen-terraform/default-terraform/terraform.tfstate[0m
I, [2016-11-11T12:37:14.925695 #4350]  INFO -- default-terraform: [0m[1m[32m
I, [2016-11-11T12:37:14.925720 #4350]  INFO -- default-terraform: Outputs:
I, [2016-11-11T12:37:14.925736 #4350]  INFO -- default-terraform: 
I, [2016-11-11T12:37:14.925756 #4350]  INFO -- default-terraform: localhost = localhost[0m
I, [2016-11-11T12:37:14.955985 #4350]  INFO -- default-terraform: Finished converging <default-terraform> (0m2.93s).
